<?xml version="1.0" encoding="UTF-8"?>
<coverage generated="1775341464306" clover="3.2.0">
  <project timestamp="1775341464306" name="All files">
    <metrics statements="109" coveredstatements="94" conditionals="79" coveredconditionals="63" methods="10" coveredmethods="9" elements="198" coveredelements="166" complexity="0" loc="109" ncloc="109" packages="1" files="1" classes="1"/>
    <file name="server.js" path="/home/runner/work/Nats-AriyalurGeology-Repository/Nats-AriyalurGeology-Repository/backend/server.js">
      <metrics statements="109" coveredstatements="94" conditionals="79" coveredconditionals="63" methods="10" coveredmethods="9"/>
      <line num="1" count="5" type="stmt"/>
      <line num="2" count="5" type="stmt"/>
      <line num="3" count="5" type="stmt"/>
      <line num="4" count="5" type="stmt"/>
      <line num="5" count="5" type="stmt"/>
      <line num="6" count="5" type="stmt"/>
      <line num="7" count="5" type="stmt"/>
      <line num="8" count="5" type="stmt"/>
      <line num="10" count="5" type="stmt"/>
      <line num="11" count="5" type="cond" truecount="2" falsecount="0"/>
      <line num="16" count="5" type="stmt"/>
      <line num="17" count="5" type="stmt"/>
      <line num="19" count="5" type="stmt"/>
      <line num="20" count="5" type="cond" truecount="4" falsecount="0"/>
      <line num="21" count="4" type="stmt"/>
      <line num="27" count="5" type="stmt"/>
      <line num="28" count="5" type="stmt"/>
      <line num="35" count="5" type="stmt"/>
      <line num="36" count="5" type="stmt"/>
      <line num="39" count="5" type="stmt"/>
      <line num="46" count="5" type="stmt"/>
      <line num="51" count="5" type="stmt"/>
      <line num="52" count="5" type="stmt"/>
      <line num="54" count="5" type="stmt"/>
      <line num="56" count="5" type="stmt"/>
      <line num="60" count="18" type="cond" truecount="2" falsecount="0"/>
      <line num="61" count="15" type="stmt"/>
      <line num="63" count="3" type="stmt"/>
      <line num="78" count="43" type="stmt"/>
      <line num="79" count="43" type="stmt"/>
      <line num="88" count="14" type="stmt"/>
      <line num="89" count="14" type="stmt"/>
      <line num="97" count="5" type="stmt"/>
      <line num="98" count="2" type="stmt"/>
      <line num="106" count="5" type="stmt"/>
      <line num="107" count="31" type="stmt"/>
      <line num="108" count="31" type="stmt"/>
      <line num="111" count="31" type="cond" truecount="4" falsecount="0"/>
      <line num="112" count="3" type="stmt"/>
      <line num="114" count="28" type="cond" truecount="2" falsecount="0"/>
      <line num="115" count="1" type="stmt"/>
      <line num="117" count="27" type="cond" truecount="4" falsecount="0"/>
      <line num="118" count="1" type="stmt"/>
      <line num="121" count="26" type="cond" truecount="1" falsecount="1"/>
      <line num="122" count="0" type="stmt"/>
      <line num="125" count="26" type="stmt"/>
      <line num="130" count="26" type="cond" truecount="2" falsecount="0"/>
      <line num="132" count="25" type="stmt"/>
      <line num="134" count="1" type="stmt"/>
      <line num="135" count="1" type="stmt"/>
      <line num="140" count="5" type="stmt"/>
      <line num="141" count="8" type="stmt"/>
      <line num="142" count="8" type="cond" truecount="4" falsecount="0"/>
      <line num="143" count="1" type="stmt"/>
      <line num="146" count="7" type="cond" truecount="1" falsecount="1"/>
      <line num="147" count="0" type="stmt"/>
      <line num="150" count="7" type="stmt"/>
      <line num="152" count="7" type="stmt"/>
      <line num="153" count="10" type="stmt"/>
      <line num="154" count="10" type="stmt"/>
      <line num="156" count="10" type="stmt"/>
      <line num="163" count="10" type="cond" truecount="1" falsecount="1"/>
      <line num="165" count="10" type="stmt"/>
      <line num="169" count="10" type="stmt"/>
      <line num="172" count="7" type="stmt"/>
      <line num="174" count="0" type="stmt"/>
      <line num="175" count="0" type="cond" truecount="0" falsecount="4"/>
      <line num="176" count="0" type="stmt"/>
      <line num="178" count="0" type="cond" truecount="0" falsecount="2"/>
      <line num="179" count="0" type="stmt"/>
      <line num="181" count="0" type="stmt"/>
      <line num="186" count="5" type="stmt"/>
      <line num="187" count="8" type="stmt"/>
      <line num="197" count="8" type="stmt"/>
      <line num="199" count="8" type="cond" truecount="2" falsecount="0"/>
      <line num="200" count="1" type="stmt"/>
      <line num="202" count="7" type="cond" truecount="2" falsecount="0"/>
      <line num="203" count="1" type="stmt"/>
      <line num="206" count="6" type="cond" truecount="1" falsecount="1"/>
      <line num="207" count="0" type="stmt"/>
      <line num="210" count="6" type="stmt"/>
      <line num="224" count="6" type="cond" truecount="2" falsecount="0"/>
      <line num="226" count="5" type="stmt"/>
      <line num="228" count="1" type="stmt"/>
      <line num="229" count="1" type="stmt"/>
      <line num="234" count="5" type="stmt"/>
      <line num="235" count="25" type="stmt"/>
      <line num="236" count="25" type="cond" truecount="1" falsecount="1"/>
      <line num="237" count="0" type="stmt"/>
      <line num="240" count="25" type="stmt"/>
      <line num="245" count="25" type="cond" truecount="2" falsecount="0"/>
      <line num="247" count="24" type="stmt"/>
      <line num="249" count="1" type="stmt"/>
      <line num="250" count="1" type="stmt"/>
      <line num="258" count="5" type="stmt"/>
      <line num="259" count="5" type="cond" truecount="2" falsecount="0"/>
      <line num="260" count="2" type="cond" truecount="2" falsecount="0"/>
      <line num="261" count="1" type="stmt"/>
      <line num="263" count="1" type="cond" truecount="1" falsecount="1"/>
      <line num="264" count="0" type="stmt"/>
      <line num="266" count="1" type="stmt"/>
      <line num="268" count="3" type="cond" truecount="4" falsecount="1"/>
      <line num="269" count="3" type="stmt"/>
      <line num="271" count="0" type="stmt"/>
      <line num="272" count="0" type="stmt"/>
      <line num="278" count="5" type="cond" truecount="1" falsecount="1"/>
      <line num="279" count="0" type="stmt"/>
      <line num="280" count="0" type="stmt"/>
      <line num="284" count="5" type="stmt"/>
    </file>
  </project>
</coverage>
