TN:
SF:server.js
FN:59,(anonymous_0)
FN:77,isValidEmail
FN:87,isValidPhone
FN:97,(anonymous_3)
FN:106,(anonymous_4)
FN:140,(anonymous_5)
FN:186,(anonymous_6)
FN:234,(anonymous_7)
FN:258,(anonymous_8)
FN:279,(anonymous_9)
FNF:10
FNH:9
FNDA:18,(anonymous_0)
FNDA:43,isValidEmail
FNDA:14,isValidPhone
FNDA:2,(anonymous_3)
FNDA:31,(anonymous_4)
FNDA:8,(anonymous_5)
FNDA:8,(anonymous_6)
FNDA:25,(anonymous_7)
FNDA:5,(anonymous_8)
FNDA:0,(anonymous_9)
DA:1,5
DA:2,5
DA:3,5
DA:4,5
DA:5,5
DA:6,5
DA:7,5
DA:8,5
DA:10,5
DA:11,5
DA:16,5
DA:17,5
DA:19,5
DA:20,5
DA:21,4
DA:27,5
DA:28,5
DA:35,5
DA:36,5
DA:39,5
DA:46,5
DA:51,5
DA:52,5
DA:54,5
DA:56,5
DA:60,18
DA:61,15
DA:63,3
DA:78,43
DA:79,43
DA:88,14
DA:89,14
DA:97,5
DA:98,2
DA:106,5
DA:107,31
DA:108,31
DA:111,31
DA:112,3
DA:114,28
DA:115,1
DA:117,27
DA:118,1
DA:121,26
DA:122,0
DA:125,26
DA:130,26
DA:132,25
DA:134,1
DA:135,1
DA:140,5
DA:141,8
DA:142,8
DA:143,1
DA:146,7
DA:147,0
DA:150,7
DA:152,7
DA:153,10
DA:154,10
DA:156,10
DA:163,10
DA:165,10
DA:169,10
DA:172,7
DA:174,0
DA:175,0
DA:176,0
DA:178,0
DA:179,0
DA:181,0
DA:186,5
DA:187,8
DA:197,8
DA:199,8
DA:200,1
DA:202,7
DA:203,1
DA:206,6
DA:207,0
DA:210,6
DA:224,6
DA:226,5
DA:228,1
DA:229,1
DA:234,5
DA:235,25
DA:236,25
DA:237,0
DA:240,25
DA:245,25
DA:247,24
DA:249,1
DA:250,1
DA:258,5
DA:259,5
DA:260,2
DA:261,1
DA:263,1
DA:264,0
DA:266,1
DA:268,3
DA:269,3
DA:271,0
DA:272,0
DA:278,5
DA:279,0
DA:280,0
DA:284,5
LF:109
LH:94
BRDA:11,0,0,5
BRDA:11,0,1,5
BRDA:20,1,0,4
BRDA:20,1,1,1
BRDA:20,2,0,5
BRDA:20,2,1,4
BRDA:29,3,0,0
BRDA:29,3,1,5
BRDA:60,4,0,15
BRDA:60,4,1,3
BRDA:101,5,0,2
BRDA:101,5,1,0
BRDA:111,6,0,3
BRDA:111,6,1,28
BRDA:111,7,0,31
BRDA:111,7,1,29
BRDA:114,8,0,1
BRDA:114,8,1,27
BRDA:117,9,0,1
BRDA:117,9,1,26
BRDA:117,10,0,27
BRDA:117,10,1,2
BRDA:121,11,0,0
BRDA:121,11,1,26
BRDA:127,12,0,1
BRDA:127,12,1,25
BRDA:130,13,0,1
BRDA:130,13,1,25
BRDA:142,14,0,1
BRDA:142,14,1,7
BRDA:142,15,0,8
BRDA:142,15,1,7
BRDA:146,16,0,0
BRDA:146,16,1,7
BRDA:163,17,0,0
BRDA:163,17,1,10
BRDA:175,18,0,0
BRDA:175,18,1,0
BRDA:175,19,0,0
BRDA:175,19,1,0
BRDA:178,20,0,0
BRDA:178,20,1,0
BRDA:199,21,0,1
BRDA:199,21,1,7
BRDA:202,22,0,1
BRDA:202,22,1,6
BRDA:206,23,0,0
BRDA:206,23,1,6
BRDA:214,24,0,1
BRDA:214,24,1,5
BRDA:215,25,0,1
BRDA:215,25,1,5
BRDA:216,26,0,1
BRDA:216,26,1,5
BRDA:217,27,0,1
BRDA:217,27,1,5
BRDA:218,28,0,6
BRDA:218,28,1,5
BRDA:219,29,0,1
BRDA:219,29,1,5
BRDA:224,30,0,1
BRDA:224,30,1,5
BRDA:236,31,0,0
BRDA:236,31,1,25
BRDA:245,32,0,1
BRDA:245,32,1,24
BRDA:259,33,0,2
BRDA:259,33,1,3
BRDA:260,34,0,1
BRDA:260,34,1,1
BRDA:263,35,0,0
BRDA:263,35,1,1
BRDA:268,36,0,3
BRDA:268,36,1,0
BRDA:268,37,0,3
BRDA:268,37,1,3
BRDA:268,37,2,3
BRDA:278,38,0,0
BRDA:278,38,1,5
BRF:79
BRH:63
end_of_record
